1. Compare output
0/15
Input
84 7
23 4
4 5
30 2
66 9
q
Your output starts with	Enter player 1's jersey number:
Enter player 1's rating:

Enter player 2's jersey number:
Enter player 2's rating:

Enter player 3's jersey number:
Enter player 3's rating:

Enter player 4's jersey number:
Enter player 4's rating:

Enter player 5's jersey number:
Enter player 5's rating:

MENU
u - Update player rating
a - Output players above a rating
r - Replace player
o - Output roster
q - Quit

Choose an option:
Expected output starts with	Enter player 1's jersey number:
Enter player 1's rating:

Enter player 2's jersey number:
Enter player 2's rating:

Enter player 3's jersey number:
Enter player 3's rating:

Enter player 4's jersey number:
Enter player 4's rating:

Enter player 5's jersey number:
Enter player 5's rating:

ROSTER
Player 1 -- Jersey number: 84, Rating: 7
Player 2 -- Jersey number: 23, Rating: 4
Player 3 -- Jersey number: 4, Rating: 5
Player 4 -- Jersey number: 30, Rating: 2
Player 5 -- Jersey number: 66, Rating: 9
2. Compare output
0/10
Input
1 4
6 9
21 5
47 8
83 2
q
Your output starts with	Enter player 1's jersey number:
Enter player 1's rating:

Enter player 2's jersey number:
Enter player 2's rating:

Enter player 3's jersey number:
Enter player 3's rating:

Enter player 4's jersey number:
Enter player 4's rating:

Enter player 5's jersey number:
Enter player 5's rating:

MENU
u - Update player rating
a - Output players above a rating
r - Replace player
o - Output roster
q - Quit

Choose an option:
Expected output starts with	Enter player 1's jersey number:
Enter player 1's rating:

Enter player 2's jersey number:
Enter player 2's rating:

Enter player 3's jersey number:
Enter player 3's rating:

Enter player 4's jersey number:
Enter player 4's rating:

Enter player 5's jersey number:
Enter player 5's rating:

ROSTER
Player 1 -- Jersey number: 1, Rating: 4
Player 2 -- Jersey number: 6, Rating: 9
Player 3 -- Jersey number: 21, Rating: 5
Player 4 -- Jersey number: 47, Rating: 8
Player 5 -- Jersey number: 83, Rating: 2
3. Compare output
0/15
Input
84 7
23 4
4 5
30 2
66 9
q
Your output starts with	Enter player 1's jersey number:
Enter player 1's rating:

Enter player 2's jersey number:
Enter player 2's rating:

Enter player 3's jersey number:
Enter player 3's rating:

Enter player 4's jersey number:
Enter player 4's rating:

Enter player 5's jersey number:
Enter player 5's rating:

MENU
u - Update player rating
a - Output players above a rating
r - Replace player
o - Output roster
q - Quit

Choose an option:
Expected output starts with	Enter player 1's jersey number:
Enter player 1's rating:

Enter player 2's jersey number:
Enter player 2's rating:

Enter player 3's jersey number:
Enter player 3's rating:

Enter player 4's jersey number:
Enter player 4's rating:

Enter player 5's jersey number:
Enter player 5's rating:

ROSTER
Player 1 -- Jersey number: 84, Rating: 7
Player 2 -- Jersey number: 23, Rating: 4
Player 3 -- Jersey number: 4, Rating: 5
Player 4 -- Jersey number: 30, Rating: 2
Player 5 -- Jersey number: 66, Rating: 9

MENU
u - Update player rating
a - Output players above a rating
r - Replace player
o - Output roster
q - Quit

Choose an option:
4. Compare output
0/10
Input
84 7
23 4
4 5
30 2
66 9
o
q
Your output ends with	ose an option:
Player 1 -- Jersey number: 84, Rating: 7
Player 2 -- Jersey number: 23, Rating: 4
Player 3 -- Jersey number: 4, Rating: 5
Player 4 -- Jersey number: 30, Rating: 2
Player 5 -- Jersey number: 66, Rating: 9
MENU
u - Update player rating
a - Output players above a rating
r - Replace player
o - Output roster
q - Quit

Choose an option:
Expected output ends with	ROSTER
Player 1 -- Jersey number: 84, Rating: 7
Player 2 -- Jersey number: 23, Rating: 4
Player 3 -- Jersey number: 4, Rating: 5
Player 4 -- Jersey number: 30, Rating: 2
Player 5 -- Jersey number: 66, Rating: 9

MENU
u - Update player rating
a - Output players above a rating
r - Replace player
o - Output roster
q - Quit

Choose an option:
5. Compare output
0/10
Input
84 7
23 4
4 5
30 2
66 9
u
4
6
o
q
Your output ends with	ose an option:
Player 1 -- Jersey number: 84, Rating: 7
Player 2 -- Jersey number: 23, Rating: 4
Player 3 -- Jersey number: 4, Rating: 6
Player 4 -- Jersey number: 30, Rating: 2
Player 5 -- Jersey number: 66, Rating: 9
MENU
u - Update player rating
a - Output players above a rating
r - Replace player
o - Output roster
q - Quit

Choose an option:
Expected output ends with	ROSTER
Player 1 -- Jersey number: 84, Rating: 7
Player 2 -- Jersey number: 23, Rating: 4
Player 3 -- Jersey number: 4, Rating: 6
Player 4 -- Jersey number: 30, Rating: 2
Player 5 -- Jersey number: 66, Rating: 9

MENU
u - Update player rating
a - Output players above a rating
r - Replace player
o - Output roster
q - Quit

Choose an option:
6. Compare output
0/10
Input
84 7
23 4
4 5
30 2
66 9
a
4
q
Your output ends with	
Player 1 -- Jersey number: 84, Rating: 7
Player 2 -- Jersey number: 23, Rating: 4
Player 3 -- Jersey number: 4, Rating: 5
Player 5 -- Jersey number: 66, Rating: 9
MENU
u - Update player rating
a - Output players above a rating
r - Replace player
o - Output roster
q - Quit

Choose an option:
Expected output ends with	ABOVE 4
Player 1 -- Jersey number: 84, Rating: 7
Player 3 -- Jersey number: 4, Rating: 5
Player 5 -- Jersey number: 66, Rating: 9

MENU
u - Update player rating
a - Output players above a rating
r - Replace player
o - Output roster
q - Quit

Choose an option:
7. Compare output
0/10
Input
12 7
47 2
33 2
19 5
90 6
a
5
q
Your output ends with	
Player 1 -- Jersey number: 12, Rating: 7
Player 4 -- Jersey number: 19, Rating: 5
Player 5 -- Jersey number: 90, Rating: 6
MENU
u - Update player rating
a - Output players above a rating
r - Replace player
o - Output roster
q - Quit

Choose an option:
Expected output ends with	ABOVE 5
Player 1 -- Jersey number: 12, Rating: 7
Player 5 -- Jersey number: 90, Rating: 6

MENU
u - Update player rating
a - Output players above a rating
r - Replace player
o - Output roster
q - Quit

Choose an option:
8. Compare output
0/10
Input
84 7
23 4
4 5
30 2
66 9
r
66
15
6
o
q
Your output ends with	ose an option:
Player 1 -- Jersey number: 84, Rating: 7
Player 2 -- Jersey number: 23, Rating: 4
Player 3 -- Jersey number: 4, Rating: 5
Player 4 -- Jersey number: 30, Rating: 2
Player 5 -- Jersey number: 15, Rating: 6
MENU
u - Update player rating
a - Output players above a rating
r - Replace player
o - Output roster
q - Quit

Choose an option:
Expected output ends with	ROSTER
Player 1 -- Jersey number: 84, Rating: 7
Player 2 -- Jersey number: 23, Rating: 4
Player 3 -- Jersey number: 4, Rating: 5
Player 4 -- Jersey number: 30, Rating: 2
Player 5 -- Jersey number: 15, Rating: 6

MENU
u - Update player rating
a - Output players above a rating
r - Replace player
o - Output roster
q - Quit

Choose an option:
9. Compare output
0/10
Input
84 7
23 4
4 5
30 2
66 9
r
12
o
q
Your output ends with	ose an option:
Player 1 -- Jersey number: 84, Rating: 7
Player 2 -- Jersey number: 23, Rating: 4
Player 3 -- Jersey number: 4, Rating: 5
Player 4 -- Jersey number: 30, Rating: 2
Player 5 -- Jersey number: 66, Rating: 9
MENU
u - Update player rating
a - Output players above a rating
r - Replace player
o - Output roster
q - Quit

Choose an option:
Expected output ends with	ROSTER
Player 1 -- Jersey number: 84, Rating: 7
Player 2 -- Jersey number: 23, Rating: 4
Player 3 -- Jersey number: 4, Rating: 5
Player 4 -- Jersey number: 30, Rating: 2
Player 5 -- Jersey number: 66, Rating: 9

MENU
u - Update player rating
a - Output players above a rating
r - Replace player
o - Output roster
q - Quit

